<?xml version="1.0" encoding="utf-8"?><testsuites><testsuite name="pytest" errors="0" failures="0" skipped="0" tests="8" time="0.138" timestamp="2025-04-21T15:06:36.389057-04:00" hostname="MALAPTOP"><testcase classname="src.ai_conversation_client.tests.test_interfaces.TestThread" name="test_post_returns_response" time="0.003" /><testcase classname="src.ai_conversation_client.tests.test_interfaces.TestThread" name="test_update_model_changes_model" time="0.001" /><testcase classname="src.ai_conversation_client.tests.test_interfaces.TestThread" name="test_get_id_returns_string" time="0.001" /><testcase classname="src.ai_conversation_client.tests.test_interfaces.TestAIConversationClient" name="test_create_thread_returns_thread" time="0.002" /><testcase classname="src.ai_conversation_client.tests.test_interfaces.TestAIConversationClient" name="test_get_thread_returns_thread" time="0.001" /><testcase classname="src.ai_conversation_client.tests.test_interfaces.TestAIConversationClient" name="test_get_all_threads_returns_list" time="0.001" /><testcase classname="src.ai_conversation_client.tests.test_interfaces.TestAIConversationClient" name="test_delete_thread_removes_thread" time="0.001" /><testcase classname="src.ai_conversation_client.tests.test_interfaces.TestAIConversationClient" name="test_fetch_available_models_returns_list" time="0.001" /></testsuite></testsuites>