<?xml version="1.0" encoding="utf-8"?><testsuites><testsuite name="pytest" errors="0" failures="0" skipped="4" tests="54" time="0.551" timestamp="2025-05-08T03:37:16.941694-04:00" hostname="Adis-MacBook-Pro.local"><testcase classname="src.ai_conversation_client.tests.test_api" name="test_create_thread" time="0.001" /><testcase classname="src.ai_conversation_client.tests.test_api" name="test_post_message" time="0.000" /><testcase classname="src.ai_conversation_client.tests.test_api" name="test_update_model" time="0.000" /><testcase classname="src.ai_conversation_client.tests.test_api" name="test_get_thread" time="0.000" /><testcase classname="src.ai_conversation_client.tests.test_api" name="test_delete_thread" time="0.000" /><testcase classname="src.ai_conversation_client.tests.test_api" name="test_list_models" time="0.000" /><testcase classname="src.ai_conversation_client.tests.test_factory" name="test_create_client" time="0.000" /><testcase classname="src.ai_conversation_client.tests.test_interfaces.TestThread" name="test_post_returns_response" time="0.000" /><testcase classname="src.ai_conversation_client.tests.test_interfaces.TestThread" name="test_update_model_changes_model" time="0.000" /><testcase classname="src.ai_conversation_client.tests.test_interfaces.TestThread" name="test_get_id_returns_string" time="0.000" /><testcase classname="src.ai_conversation_client.tests.test_interfaces.TestAIConversationClient" name="test_create_thread_returns_thread" time="0.000" /><testcase classname="src.ai_conversation_client.tests.test_interfaces.TestAIConversationClient" name="test_get_thread_returns_thread" time="0.000" /><testcase classname="src.ai_conversation_client.tests.test_interfaces.TestAIConversationClient" name="test_get_all_threads_returns_list" time="0.000" /><testcase classname="src.ai_conversation_client.tests.test_interfaces.TestAIConversationClient" name="test_delete_thread_removes_thread" time="0.000" /><testcase classname="src.ai_conversation_client.tests.test_interfaces.TestAIConversationClient" name="test_fetch_available_models_returns_list" time="0.000" /><testcase classname="src.ai_conversation_client_impl.tests.integration.test_client" name="test_create_thread" time="0.001" /><testcase classname="src.ai_conversation_client_impl.tests.integration.test_client" name="test_post_message" time="0.000" /><testcase classname="src.ai_conversation_client_impl.tests.integration.test_client" name="test_update_thread_model" time="0.000" /><testcase classname="src.ai_conversation_client_impl.tests.integration.test_client" name="test_get_thread" time="0.000" /><testcase classname="src.ai_conversation_client_impl.tests.integration.test_client" name="test_get_all_threads" time="0.000" /><testcase classname="src.ai_conversation_client_impl.tests.integration.test_client" name="test_delete_thread" time="0.000" /><testcase classname="src.ai_conversation_client_impl.tests.integration.test_client" name="test_fetch_available_models" time="0.000" /><testcase classname="src.ai_conversation_client_impl.tests.unit.test_gemini_provider" name="test_generate_response_returns_expected_text" time="0.001" /><testcase classname="src.ai_conversation_client_impl.tests.unit.test_gemini_provider" name="test_generate_response_raises_for_invalid_model" time="0.001" /><testcase classname="src.ai_conversation_client_impl.tests.unit.test_repository" name="test_save_and_get_by_id" time="0.000" /><testcase classname="src.ai_conversation_client_impl.tests.unit.test_repository" name="test_get_all_returns_all_threads" time="0.000" /><testcase classname="src.ai_conversation_client_impl.tests.unit.test_repository" name="test_delete_existing_thread" time="0.000" /><testcase classname="src.ai_conversation_client_impl.tests.unit.test_repository" name="test_delete_nonexistent_thread_raises" time="0.000" /><testcase classname="src.ai_conversation_client_impl.tests.unit.test_repository" name="test_get_by_id_invalid_id_raises" time="0.000" /><testcase classname="src.ai_conversation_client_impl.tests.unit.test_thread" name="test_thread_initializes_with_system_message" time="0.000" /><testcase classname="src.ai_conversation_client_impl.tests.unit.test_thread" name="test_thread_post_appends_user_and_response" time="0.000" /><testcase classname="src.ai_conversation_client_impl.tests.unit.test_thread" name="test_thread_get_id_returns_valid_uuid" time="0.000" /><testcase classname="src.ai_conversation_client_impl.tests.unit.test_thread" name="test_thread_update_model_success" time="0.000" /><testcase classname="src.ai_conversation_client_impl.tests.unit.test_thread" name="test_thread_update_model_invalid_raises" time="0.001" /><testcase classname="src.gmail_client.tests.src.tests.integration.test_gmail_live" name="test_gmail_client_connection" time="0.000"><skipped type="pytest.skip" message="credentials.json not found">/Users/adi/Desktop/pytemplate/src/gmail_client/tests/src/tests/integration/test_gmail_live.py:24: credentials.json not found</skipped></testcase><testcase classname="src.gmail_client.tests.src.tests.integration.test_gmail_live" name="test_get_messages" time="0.000"><skipped type="pytest.skip" message="credentials.json not found">/Users/adi/Desktop/pytemplate/src/gmail_client/tests/src/tests/integration/test_gmail_live.py:31: credentials.json not found</skipped></testcase><testcase classname="src.gmail_client.tests.src.tests.integration.test_gmail_live" name="test_send_message" time="0.000"><skipped type="pytest.skip" message="credentials.json not found">/Users/adi/Desktop/pytemplate/src/gmail_client/tests/src/tests/integration/test_gmail_live.py:47: credentials.json not found</skipped></testcase><testcase classname="src.gmail_client.tests.src.tests.integration.test_gmail_live" name="test_send_message_with_attachments" time="0.000"><skipped type="pytest.skip" message="credentials.json not found">/Users/adi/Desktop/pytemplate/src/gmail_client/tests/src/tests/integration/test_gmail_live.py:68: credentials.json not found</skipped></testcase><testcase classname="src.gmail_client.tests.src.tests.unit.test_gmail_attachment" name="test_small_attachment_data" time="0.000" /><testcase classname="src.gmail_client.tests.src.tests.unit.test_gmail_attachment" name="test_large_attachment_data" time="0.001" /><testcase classname="src.gmail_client.tests.src.tests.unit.test_gmail_attachment" name="test_large_attachment_missing_service_or_id" time="0.000" /><testcase classname="src.gmail_client.tests.src.tests.unit.test_gmail_attachment" name="test_content_type_fallback" time="0.000" /><testcase classname="src.gmail_client.tests.src.tests.unit.test_gmail_impl.TestGmailImplementation" name="test_create_gmail_attachment_factory_function" time="0.004" /><testcase classname="src.gmail_client.tests.src.tests.unit.test_gmail_impl.TestGmailImplementation" name="test_delete_message" time="0.002" /><testcase classname="src.gmail_client.tests.src.tests.unit.test_gmail_impl.TestGmailImplementation" name="test_get_gmail_client_factory_function" time="0.002" /><testcase classname="src.gmail_client.tests.src.tests.unit.test_gmail_impl.TestGmailImplementation" name="test_get_messages" time="0.002" /><testcase classname="src.gmail_client.tests.src.tests.unit.test_gmail_impl.TestGmailImplementation" name="test_gmail_attachment_implements_attachment_interface" time="0.001" /><testcase classname="src.gmail_client.tests.src.tests.unit.test_gmail_impl.TestGmailImplementation" name="test_gmail_client_implements_client_interface" time="0.002" /><testcase classname="src.gmail_client.tests.src.tests.unit.test_gmail_impl.TestGmailImplementation" name="test_gmail_message_implements_message_interface" time="0.002" /><testcase classname="src.gmail_client.tests.src.tests.unit.test_gmail_impl.TestGmailImplementation" name="test_send_message" time="0.003" /><testcase classname="src.gmail_client.tests.src.tests.unit.test_interface" name="test_message_interface" time="0.001" /><testcase classname="src.gmail_client.tests.src.tests.unit.test_interface" name="test_attachment_interface" time="0.000" /><testcase classname="src.gmail_client.tests.src.tests.unit.test_interface" name="test_client_interface" time="0.002" /><testcase classname="src.gmail_client.tests.src.tests.unit.test_interface" name="test_create_attachment_function" time="0.000" /></testsuite></testsuites>