<?xml version="1.0" encoding="utf-8"?><testsuites><testsuite name="pytest" errors="0" failures="0" skipped="0" tests="34" time="0.698" timestamp="2025-05-07T21:28:02.281366-04:00" hostname="HLYs-MBP"><testcase classname="src.ai_conversation_client.tests.test_api" name="test_create_thread" time="0.002" /><testcase classname="src.ai_conversation_client.tests.test_api" name="test_post_message" time="0.001" /><testcase classname="src.ai_conversation_client.tests.test_api" name="test_update_model" time="0.001" /><testcase classname="src.ai_conversation_client.tests.test_api" name="test_get_thread" time="0.001" /><testcase classname="src.ai_conversation_client.tests.test_api" name="test_delete_thread" time="0.001" /><testcase classname="src.ai_conversation_client.tests.test_api" name="test_list_models" time="0.001" /><testcase classname="src.ai_conversation_client.tests.test_factory" name="test_create_client" time="0.001" /><testcase classname="src.ai_conversation_client.tests.test_interfaces.TestThread" name="test_post_returns_response" time="0.000" /><testcase classname="src.ai_conversation_client.tests.test_interfaces.TestThread" name="test_update_model_changes_model" time="0.000" /><testcase classname="src.ai_conversation_client.tests.test_interfaces.TestThread" name="test_get_id_returns_string" time="0.000" /><testcase classname="src.ai_conversation_client.tests.test_interfaces.TestAIConversationClient" name="test_create_thread_returns_thread" time="0.000" /><testcase classname="src.ai_conversation_client.tests.test_interfaces.TestAIConversationClient" name="test_get_thread_returns_thread" time="0.000" /><testcase classname="src.ai_conversation_client.tests.test_interfaces.TestAIConversationClient" name="test_get_all_threads_returns_list" time="0.000" /><testcase classname="src.ai_conversation_client.tests.test_interfaces.TestAIConversationClient" name="test_delete_thread_removes_thread" time="0.000" /><testcase classname="src.ai_conversation_client.tests.test_interfaces.TestAIConversationClient" name="test_fetch_available_models_returns_list" time="0.000" /><testcase classname="src.ai_conversation_client_impl.tests.integration.test_client" name="test_create_thread" time="0.001" /><testcase classname="src.ai_conversation_client_impl.tests.integration.test_client" name="test_post_message" time="0.001" /><testcase classname="src.ai_conversation_client_impl.tests.integration.test_client" name="test_update_thread_model" time="0.001" /><testcase classname="src.ai_conversation_client_impl.tests.integration.test_client" name="test_get_thread" time="0.001" /><testcase classname="src.ai_conversation_client_impl.tests.integration.test_client" name="test_get_all_threads" time="0.001" /><testcase classname="src.ai_conversation_client_impl.tests.integration.test_client" name="test_delete_thread" time="0.001" /><testcase classname="src.ai_conversation_client_impl.tests.integration.test_client" name="test_fetch_available_models" time="0.001" /><testcase classname="src.ai_conversation_client_impl.tests.unit.test_gemini_provider" name="test_generate_response_returns_expected_text" time="0.001" /><testcase classname="src.ai_conversation_client_impl.tests.unit.test_gemini_provider" name="test_generate_response_raises_for_invalid_model" time="0.002" /><testcase classname="src.ai_conversation_client_impl.tests.unit.test_repository" name="test_save_and_get_by_id" time="0.000" /><testcase classname="src.ai_conversation_client_impl.tests.unit.test_repository" name="test_get_all_returns_all_threads" time="0.000" /><testcase classname="src.ai_conversation_client_impl.tests.unit.test_repository" name="test_delete_existing_thread" time="0.000" /><testcase classname="src.ai_conversation_client_impl.tests.unit.test_repository" name="test_delete_nonexistent_thread_raises" time="0.000" /><testcase classname="src.ai_conversation_client_impl.tests.unit.test_repository" name="test_get_by_id_invalid_id_raises" time="0.000" /><testcase classname="src.ai_conversation_client_impl.tests.unit.test_thread" name="test_thread_initializes_with_system_message" time="0.000" /><testcase classname="src.ai_conversation_client_impl.tests.unit.test_thread" name="test_thread_post_appends_user_and_response" time="0.000" /><testcase classname="src.ai_conversation_client_impl.tests.unit.test_thread" name="test_thread_get_id_returns_valid_uuid" time="0.000" /><testcase classname="src.ai_conversation_client_impl.tests.unit.test_thread" name="test_thread_update_model_success" time="0.000" /><testcase classname="src.ai_conversation_client_impl.tests.unit.test_thread" name="test_thread_update_model_invalid_raises" time="0.001" /></testsuite></testsuites>